This file contains any messages produced by compilers while
running configure, to aid debugging if configure makes a mistake.

It was created by configure, which was
generated by GNU Autoconf 2.69.  Invocation command line was

  $ ./configure 

## --------- ##
## Platform. ##
## --------- ##

hostname = galilee.enseeiht.fr
uname -m = x86_64
uname -r = 4.15.0-66-generic
uname -s = Linux
uname -v = #75-Ubuntu SMP Tue Oct 1 05:24:09 UTC 2019

/usr/bin/uname -p = unknown
/bin/uname -X     = unknown

/bin/arch              = unknown
/usr/bin/arch -k       = unknown
/usr/convex/getsysinfo = unknown
/usr/bin/hostinfo      = unknown
/bin/machine           = unknown
/usr/bin/oslevel       = unknown
/bin/universe          = unknown

PATH: /applications/opam-2.0.4/default/bin/
PATH: /mnt/n7fs/ens/tp_pantel/tina/bin/
PATH: /applications/opam-2.0.4/default/bin/
PATH: /mnt/n7fs/ens/tp_pantel/tina/bin/
PATH: /usr/local/sbin
PATH: /usr/local/bin
PATH: /usr/sbin
PATH: /usr/bin
PATH: /sbin
PATH: /bin
PATH: /usr/games
PATH: /usr/local/games
PATH: /snap/bin


## ----------- ##
## Core tests. ##
## ----------- ##

configure:1692: checking for ocamlc
configure:1708: found /applications/opam-2.0.4/default/bin//ocamlc
configure:1720: result: ocamlc
configure:1756: checking for ocamlopt
configure:1772: found /applications/opam-2.0.4/default/bin//ocamlopt
configure:1784: result: ocamlopt
configure:1797: checking ocamlopt version
configure:1805: result: ok
configure:1814: checking for ocamlc.opt
configure:1830: found /applications/opam-2.0.4/default/bin//ocamlc.opt
configure:1842: result: ocamlc.opt
configure:1851: checking ocamlc.opt version
configure:1858: result: ok
configure:1868: checking for ocamlopt.opt
configure:1884: found /applications/opam-2.0.4/default/bin//ocamlopt.opt
configure:1896: result: ocamlopt.opt
configure:1905: checking ocamlc.opt version
configure:1912: result: ok
configure:1922: checking for ocamldep
configure:1938: found /applications/opam-2.0.4/default/bin//ocamldep
configure:1950: result: ocamldep
configure:1964: checking for ocamllex
configure:1980: found /applications/opam-2.0.4/default/bin//ocamllex
configure:1992: result: ocamllex
configure:2005: checking for ocamllex.opt
configure:2021: found /applications/opam-2.0.4/default/bin//ocamllex.opt
configure:2033: result: ocamllex.opt
configure:2048: checking for ocamlyacc
configure:2064: found /applications/opam-2.0.4/default/bin//ocamlyacc
configure:2076: result: ocamlyacc
configure:2090: checking for ocamldoc
configure:2106: found /applications/opam-2.0.4/default/bin//ocamldoc
configure:2118: result: ocamldoc
configure:2132: checking for ocamldoc.opt
configure:2148: found /applications/opam-2.0.4/default/bin//ocamldoc.opt
configure:2160: result: ocamldoc.opt
configure:2175: checking for ocamlweb
configure:2203: result: true
configure:2214: checking for ocamlfind
configure:2230: found /applications/opam-2.0.4/default/bin//ocamlfind
configure:2241: result: ocamlfind
configure:2289: checking for /applications/opam-2.0.4/default/lib/lablgtk2/lablgtk.cmxa
configure:2303: result: yes
configure:2315: checking for /applications/opam-2.0.4/default/lib/lablgtk2/lablgnomecanvas.cmxa
configure:2329: result: no
configure:2343: checking Win32 platform
configure:2352: result: no
configure:2363: WARNING: lablgnomecanvas not found: the graph editor and view_graph will not be compiled
configure:2540: creating ./config.status

## ---------------------- ##
## Running config.status. ##
## ---------------------- ##

This file was extended by config.status, which was
generated by GNU Autoconf 2.69.  Invocation command line was

  CONFIG_FILES    = 
  CONFIG_HEADERS  = 
  CONFIG_LINKS    = 
  CONFIG_COMMANDS = 
  $ ./config.status 

on galilee.enseeiht.fr

config.status:734: creating Makefile

## ---------------- ##
## Cache variables. ##
## ---------------- ##

ac_cv_env_build_alias_set=
ac_cv_env_build_alias_value=
ac_cv_env_host_alias_set=
ac_cv_env_host_alias_value=
ac_cv_env_target_alias_set=
ac_cv_env_target_alias_value=
ac_cv_file__applications_opam_2_0_4_default_lib_lablgtk2_lablgnomecanvas_cmxa=no
ac_cv_file__applications_opam_2_0_4_default_lib_lablgtk2_lablgtk_cmxa=yes
ac_cv_prog_OCAMLC=ocamlc
ac_cv_prog_OCAMLCDOTOPT=ocamlc.opt
ac_cv_prog_OCAMLDEP=ocamldep
ac_cv_prog_OCAMLDOC=ocamldoc
ac_cv_prog_OCAMLDOCOPT=ocamldoc.opt
ac_cv_prog_OCAMLFIND=ocamlfind
ac_cv_prog_OCAMLLEX=ocamllex
ac_cv_prog_OCAMLLEXDOTOPT=ocamllex.opt
ac_cv_prog_OCAMLOPT=ocamlopt
ac_cv_prog_OCAMLOPTDOTOPT=ocamlopt.opt
ac_cv_prog_OCAMLWEB=true
ac_cv_prog_OCAMLYACC=ocamlyacc

## ----------------- ##
## Output variables. ##
## ----------------- ##

DEFS='-DPACKAGE_NAME=\"\" -DPACKAGE_TARNAME=\"\" -DPACKAGE_VERSION=\"\" -DPACKAGE_STRING=\"\" -DPACKAGE_BUGREPORT=\"\" -DPACKAGE_URL=\"\"'
ECHO_C=''
ECHO_N='-n'
ECHO_T=''
EXE=''
INCLUDEGTK2='-I /applications/opam-2.0.4/default/lib/lablgtk2'
LABLGNOMECANVAS='no'
LABLGTK2='yes'
LIBEXT='.a'
LIBOBJS=''
LIBS=''
LTLIBOBJS=''
NATIVE_DYNLINK='yes'
OBJEXT='.o'
OCAMLBEST='opt'
OCAMLC='ocamlc.opt'
OCAMLCDOTOPT='ocamlc.opt'
OCAMLDEP='ocamldep'
OCAMLDOC='ocamldoc.opt'
OCAMLDOCOPT='ocamldoc.opt'
OCAMLFIND='ocamlfind'
OCAMLLEX='ocamllex.opt'
OCAMLLEXDOTOPT='ocamllex.opt'
OCAMLLIB='/applications/opam-2.0.4/default/lib/ocaml'
OCAMLOPT='ocamlopt.opt'
OCAMLOPTDOTOPT='ocamlopt.opt'
OCAMLVERSION='4.08.0'
OCAMLWEB='true'
OCAMLWIN32='no'
OCAMLYACC='ocamlyacc'
PACKAGE_BUGREPORT=''
PACKAGE_NAME=''
PACKAGE_STRING=''
PACKAGE_TARNAME=''
PACKAGE_URL=''
PACKAGE_VERSION=''
PATH_SEPARATOR=':'
SHELL='/bin/bash'
bindir='${exec_prefix}/bin'
build_alias=''
datadir='${datarootdir}'
datarootdir='${prefix}/share'
docdir='${datarootdir}/doc/${PACKAGE}'
dvidir='${docdir}'
exec_prefix='${prefix}'
host_alias=''
htmldir='${docdir}'
includedir='${prefix}/include'
infodir='${datarootdir}/info'
libdir='${exec_prefix}/lib'
libexecdir='${exec_prefix}/libexec'
localedir='${datarootdir}/locale'
localstatedir='${prefix}/var'
mandir='${datarootdir}/man'
oldincludedir='/usr/include'
pdfdir='${docdir}'
prefix='/usr/local'
program_transform_name='s,x,x,'
psdir='${docdir}'
sbindir='${exec_prefix}/sbin'
sharedstatedir='${prefix}/com'
sysconfdir='${prefix}/etc'
target_alias=''

## ----------- ##
## confdefs.h. ##
## ----------- ##

/* confdefs.h */
#define PACKAGE_NAME ""
#define PACKAGE_TARNAME ""
#define PACKAGE_VERSION ""
#define PACKAGE_STRING ""
#define PACKAGE_BUGREPORT ""
#define PACKAGE_URL ""

configure: exit 0
